<?xml version="1.0" encoding="UTF-8"?>
<!-- Generated by org.testng.reporters.JUnitReportReporter -->
<testsuite hostname="DESKTOP-3G4CHJS" failures="0" tests="3" name="day3.CookiesDemo" time="4.339" errors="0" timestamp="2025-07-15T00:30:38 IST" skipped="2">
  <testcase classname="day3.CookiesDemo" name="allCookie" time="4.339"/>
  <testcase classname="day3.CookiesDemo" name="singleCookie">
    <skipped/>
  </testcase> <!-- singleCookie -->
  <testcase classname="day3.CookiesDemo" name="testCookies">
    <skipped/>
  </testcase> <!-- testCookies -->
</testsuite> <!-- day3.CookiesDemo -->
