<?xml version="1.0" encoding="UTF-8"?>
<!-- Generated by org.testng.reporters.JUnitReportReporter -->
<testsuite hostname="DESKTOP-3G4CHJS" failures="0" tests="4" name="day1.HTTP_Request" time="10.576" errors="0" timestamp="2025-07-14T19:40:38 IST" skipped="1">
  <testcase classname="day1.HTTP_Request" name="createUser" time="9.357"/>
  <testcase classname="day1.HTTP_Request" name="updateUser" time="0.636"/>
  <testcase classname="day1.HTTP_Request" name="deleteUser" time="0.583"/>
  <testcase classname="day1.HTTP_Request" name="getUsers">
    <skipped/>
  </testcase> <!-- getUsers -->
</testsuite> <!-- day1.HTTP_Request -->
