<?xml version="1.0" encoding="UTF-8"?>
<!-- Generated by org.testng.reporters.JUnitReportReporter -->
<testsuite hostname="DESKTOP-3G4CHJS" failures="0" tests="1" name="day8.task.CreateUser" time="3.668" errors="0" timestamp="2025-07-16T15:45:42 IST" skipped="0">
  <testcase classname="day8.task.CreateUser" name="test_createUser" time="3.668"/>
</testsuite> <!-- day8.task.CreateUser -->
