<?xml version="1.0" encoding="UTF-8"?>
<!-- Generated by org.testng.reporters.JUnitReportReporter -->
<testsuite hostname="DESKTOP-3G4CHJS" failures="0" tests="1" name="day8.UpdateUser" time="1.068" errors="0" timestamp="2025-07-16T14:38:18 IST" skipped="0">
  <testcase classname="day8.UpdateUser" name="test_updateUser" time="1.068"/>
</testsuite> <!-- day8.UpdateUser -->
