<?xml version="1.0" encoding="UTF-8"?>
<!-- Generated by org.testng.reporters.JUnitReportReporter -->
<testsuite hostname="DESKTOP-3G4CHJS" failures="0" tests="1" name="day6.XmlSchemaValidation" time="4.490" errors="0" timestamp="2025-07-15T20:44:52 IST" skipped="0">
  <testcase classname="day6.XmlSchemaValidation" name="testXmlSchemaValidation" time="4.490"/>
</testsuite> <!-- day6.XmlSchemaValidation -->
