<?xml version="1.0" encoding="UTF-8"?>
<!-- Generated by org.testng.reporters.JUnitReportReporter -->
<testsuite hostname="DESKTOP-3G4CHJS" failures="0" tests="1" name="day6.JsonSchemaValidation" time="5.860" errors="0" timestamp="2025-07-15T19:55:53 IST" skipped="0">
  <testcase classname="day6.JsonSchemaValidation" name="jsonSchemaValidator" time="5.860"/>
</testsuite> <!-- day6.JsonSchemaValidation -->
