<?xml version="1.0" encoding="UTF-8"?>
<!-- Generated by org.testng.reporters.JUnitReportReporter -->
<testsuite hostname="DESKTOP-3G4CHJS" failures="0" tests="5" name="day5.FileUploadAndDownload" time="5.252" errors="0" timestamp="2025-07-15T17:17:26 IST" skipped="3">
  <testcase classname="day5.FileUploadAndDownload" name="singleFileDownload" time="0.104"/>
  <testcase classname="day5.FileUploadAndDownload" name="multipleFileDownload" time="5.148"/>
  <testcase classname="day5.FileUploadAndDownload" name="singleFileUpload">
    <skipped/>
  </testcase> <!-- singleFileUpload -->
  <testcase classname="day5.FileUploadAndDownload" name="multipleFileUpload2">
    <skipped/>
  </testcase> <!-- multipleFileUpload2 -->
  <testcase classname="day5.FileUploadAndDownload" name="multipleFileUpload">
    <skipped/>
  </testcase> <!-- multipleFileUpload -->
</testsuite> <!-- day5.FileUploadAndDownload -->
