<?xml version="1.0" encoding="UTF-8"?>
<!-- Generated by org.testng.reporters.JUnitReportReporter -->
<testsuite hostname="DESKTOP-3G4CHJS" failures="0" tests="2" name="day6.SerializationAndDesrialization" time="0.728" errors="0" timestamp="2025-07-15T22:08:29 IST" skipped="0">
  <testcase classname="day6.SerializationAndDesrialization" name="covertPojo2Json" time="0.039"/>
  <testcase classname="day6.SerializationAndDesrialization" name="covertJson2Pojo" time="0.689"/>
</testsuite> <!-- day6.SerializationAndDesrialization -->
