<?xml version="1.0" encoding="UTF-8"?>
<!-- Generated by org.testng.reporters.JUnitReportReporter -->
<testsuite hostname="DESKTOP-3G4CHJS" failures="0" tests="3" name="day3.HeadersDemo" time="2.822" errors="0" timestamp="2025-07-15T00:49:38 IST" skipped="2">
  <testcase classname="day3.HeadersDemo" name="getallHeaders" time="2.822"/>
  <testcase classname="day3.HeadersDemo" name="allHeader">
    <skipped/>
  </testcase> <!-- allHeader -->
  <testcase classname="day3.HeadersDemo" name="getHeaders">
    <skipped/>
  </testcase> <!-- getHeaders -->
</testsuite> <!-- day3.HeadersDemo -->
