<?xml version="1.0" encoding="UTF-8"?>
<!-- Generated by org.testng.reporters.JUnitReportReporter -->
<testsuite hostname="DESKTOP-3G4CHJS" failures="0" tests="1" name="day3.QueryAndPathParam" time="4.096" errors="0" timestamp="2025-07-14T23:59:21 IST" skipped="0">
  <testcase classname="day3.QueryAndPathParam" name="testQueryAndPathParam" time="4.096"/>
</testsuite> <!-- day3.QueryAndPathParam -->
