<?xml version="1.0" encoding="UTF-8"?>
<!-- Generated by org.testng.reporters.JUnitReportReporter -->
<testsuite hostname="DESKTOP-3G4CHJS" failures="0" tests="4" name="day4.ParsingJsonResponseData" time="3.598" errors="0" timestamp="2025-07-15T14:34:29 IST" skipped="0">
  <testcase classname="day4.ParsingJsonResponseData" name="testJsonResponse3" time="0.033"/>
  <testcase classname="day4.ParsingJsonResponseData" name="testJsonResponse2" time="0.045"/>
  <testcase classname="day4.ParsingJsonResponseData" name="testJsonResponse1" time="0.090"/>
  <testcase classname="day4.ParsingJsonResponseData" name="testJsonResponse" time="3.430"/>
</testsuite> <!-- day4.ParsingJsonResponseData -->
