<?xml version="1.0" encoding="UTF-8"?>
<!-- Generated by org.testng.reporters.JUnitReportReporter -->
<testsuite hostname="DESKTOP-3G4CHJS" failures="0" tests="5" name="day2.DiffWaysCreatePostRequest" time="3.559" errors="0" timestamp="2025-07-14T23:42:47 IST" skipped="4">
  <testcase classname="day2.DiffWaysCreatePostRequest" name="testPostUsingJson" time="3.559"/>
  <testcase classname="day2.DiffWaysCreatePostRequest" name="testPostUsingPojo">
    <skipped/>
  </testcase> <!-- testPostUsingPojo -->
  <testcase classname="day2.DiffWaysCreatePostRequest" name="testDelete">
    <skipped/>
  </testcase> <!-- testDelete -->
  <testcase classname="day2.DiffWaysCreatePostRequest" name="createPostRequestUsingHashMap">
    <skipped/>
  </testcase> <!-- createPostRequestUsingHashMap -->
  <testcase classname="day2.DiffWaysCreatePostRequest" name="createPostRequestUsingJson">
    <skipped/>
  </testcase> <!-- createPostRequestUsingJson -->
</testsuite> <!-- day2.DiffWaysCreatePostRequest -->
