<?xml version="1.0" encoding="UTF-8"?>
<!-- Generated by org.testng.reporters.JUnitReportReporter -->
<testsuite hostname="DESKTOP-3G4CHJS" failures="0" tests="3" name="day5.Parsing_XML_Response" time="4.050" errors="0" timestamp="2025-07-15T16:33:24 IST" skipped="2">
  <testcase classname="day5.Parsing_XML_Response" name="testXMLResponse_XMlPathClass" time="4.050"/>
  <testcase classname="day5.Parsing_XML_Response" name="testXMLResponse">
    <skipped/>
  </testcase> <!-- testXMLResponse -->
  <testcase classname="day5.Parsing_XML_Response" name="testXMLResponse_XMlPath">
    <skipped/>
  </testcase> <!-- testXMLResponse_XMlPath -->
</testsuite> <!-- day5.Parsing_XML_Response -->
