<?xml version="1.0" encoding="UTF-8"?>
<!-- Generated by org.testng.reporters.JUnitReportReporter -->
<testsuite hostname="DESKTOP-3G4CHJS" failures="0" tests="1" name="day7.FakerLibrary" time="1.129" errors="0" timestamp="2025-07-16T00:15:05 IST" skipped="0">
  <testcase classname="day7.FakerLibrary" name="testFakerLibrary" time="1.129"/>
</testsuite> <!-- day7.FakerLibrary -->
